make all --print-data-base --no-builtin-variables --no-builtin-rules --question
make: *** No rule to make target 'all'.  Stop.

# GNU Make 4.3
# Built for x86_64-pc-linux-gnu
# Copyright (C) 1988-2020 Free Software Foundation, Inc.
# License GPLv3+: GNU GPL version 3 or later <http://gnu.org/licenses/gpl.html>
# This is free software: you are free to change and redistribute it.
# There is NO WARRANTY, to the extent permitted by law.

# Make data base, printed on Wed May 25 20:10:13 2022

# Variables

# environment
GDK_BACKEND = x11
# environment
LC_ALL = C
# environment
NO_AT_BRIDGE = 1
# environment
SNAP_INSTANCE_KEY = 
# environment
GJS_DEBUG_OUTPUT = stderr
# environment
VSCODE_IPC_HOOK_EXTHOST = /run/user/1000/vscode-ipc-d97f78f3-127f-4b26-94d4-2bdfcb93e290.sock
# environment
LC_NAME = en_US.UTF-8
# environment
LC_NUMERIC = en_US.UTF-8
# environment
VSCODE_CWD = /home/elias
# environment
WINDOWPATH = 2
# environment
LESS_TERMCAP_me = [0m
# environment
LC_ADDRESS = en_US.UTF-8
# environment
GDM_LANG = en_US.UTF-8
# default
MAKE_COMMAND := make
# environment
GTK3_MODULES = xapp-gtk3-module
# automatic
@D = $(patsubst %/,%,$(dir $@))
# environment
SNAP_INSTANCE_NAME = code
# environment
GDK_PIXBUF_MODULEDIR = /snap/code/97/usr/lib/x86_64-linux-gnu/gdk-pixbuf-2.0/2.10.0/loaders
# environment
VSCODE_HANDLES_UNCAUGHT_ERRORS = true
# default
.VARIABLES := 
# environment
PWD = /home/elias/Documents/EliasRay
# automatic
%D = $(patsubst %/,%,$(dir $%))
# environment
MAIL = /var/spool/mail/elias
# environment
XDG_DATA_DIRS = /home/elias/.local/share/flatpak/exports/share:/var/lib/flatpak/exports/share:/usr/local/share/:/usr/share/:/var/lib/snapd/desktop
# environment
OLDPWD = /home/elias
# automatic
^D = $(patsubst %/,%,$(dir $^))
# environment
VSCODE_LOG_STACK = false
# automatic
%F = $(notdir $%)
# environment
VSCODE_CODE_CACHE_PATH = /home/elias/.config/Code/CachedData/c3511e6c69bb39013c4a4b7b9566ec1ca73fc4d5
# environment
LANG = C
# environment
XAUTHORITY = /run/user/1000/gdm/Xauthority
# default
.LOADED := 
# environment
LESS_TERMCAP_md = [01;32m
# default
.INCLUDE_DIRS = /usr/include /usr/local/include /usr/include
# makefile
MAKEFLAGS = pqrR
# environment
LESS_TERMCAP_so = [01;47;34m
# makefile
CURDIR := /home/elias/Documents/EliasRay
# environment
VSCODE_PIPE_LOGGING = true
# environment
APPLICATION_INSIGHTS_NO_DIAGNOSTIC_CHANNEL = 1
# automatic
*D = $(patsubst %/,%,$(dir $*))
# environment
LESS_TERMCAP_ue = [0m
# environment
MFLAGS = -pqrR
# environment
SSH_AUTH_SOCK = /run/user/1000/keyring/ssh
# default
.SHELLFLAGS := -c
# automatic
+D = $(patsubst %/,%,$(dir $+))
# environment
P9K_SSH = 0
# environment
XDG_SESSION_DESKTOP = gnome
# makefile (from 'Makefile', line 1)
MAKEFILE_LIST := Makefile
# environment
SNAP_REEXEC = 
# automatic
@F = $(notdir $@)
# environment
VSCODE_VERBOSE_LOGGING = true
# environment
VSCODE_PID = 7599
# environment
MOZ_ENABLE_WAYLAND = 1
# makefile (from 'Makefile', line 1)
args = -lGL -lGLEW -lsfml-audio -lsfml-graphics -lsfml-network -lsfml-system -lsfml-window -std=c++20 -O3
# environment
XDG_SESSION_TYPE = x11
# environment
CUDA_PATH = /opt/cuda
# automatic
?D = $(patsubst %/,%,$(dir $?))
# environment
BAMF_DESKTOP_FILE_HINT = /var/lib/snapd/desktop/applications/code_code.desktop
# environment
SESSION_MANAGER = local/elias-g33579:@/tmp/.ICE-unix/1205,unix/elias-g33579:/tmp/.ICE-unix/1205
# automatic
*F = $(notdir $*)
# environment
QT_QPA_PLATFORMTHEME = qt5ct
# environment
CHROME_DESKTOP = code-url-handler.desktop
# environment
DBUS_SESSION_BUS_ADDRESS = unix:path=/run/user/1000/bus
# automatic
<D = $(patsubst %/,%,$(dir $<))
# environment
VSCODE_NLS_CONFIG = {"locale":"en-us","availableLanguages":{},"_languagePackSupport":true}
# default
MAKE_HOST := x86_64-pc-linux-gnu
# makefile
SHELL = /bin/sh
# environment
LESS_TERMCAP_us = [01;36m
# default
MAKECMDGOALS := all
# environment
XMODIFIERS = @im=ibus
# makefile (from 'Makefile', line 6)
objects = main.o Camera.o ComputeShader.o GlStorage.o Light.o Mesh.o Shader.o Texture.o Transform.o Renderer.o Object.o
# environment
GJS_DEBUG_TOPICS = JS ERROR;JS LOG
# environment
SHLVL = 1
# environment
MAKELEVEL := 0
# default
MAKE = $(MAKE_COMMAND)
# environment
SNAP_COOKIE = 2NBjVsx4QOCBPgWHmjNPxuOcJk2hqqiQDADjzUpEVDM7NkfdbGBx
# environment
PATH = /home/elias/.local/bin:/home/elias/.local/bin:/usr/local/bin:/usr/bin:/var/lib/snapd/snap/bin:/usr/local/sbin:/opt/cuda/bin:/opt/cuda/nsight_compute:/opt/cuda/nsight_systems/bin:/var/lib/flatpak/exports/bin:/usr/lib/jvm/default/bin:/usr/bin/site_perl:/usr/bin/vendor_perl:/usr/bin/core_perl:/opt/cuda/bin:/opt/cuda/nsight_compute:/opt/cuda/nsight_systems/bin:/usr/lib/jvm/default/bin
# environment
LESS_TERMCAP_se = [0m
# default
MAKEFILES := 
# environment
LC_MONETARY = en_US.UTF-8
# environment
MOTD_SHOWN = pam
# automatic
^F = $(notdir $^)
# environment
SNAP_USER_COMMON = /home/elias/snap/code/common
# environment
LC_TIME = en_US.UTF-8
# environment
LESS_TERMCAP_mb = [01;32m
# environment
SNAP = /snap/code/97
# environment
INVOCATION_ID = 7554d6a6710e45869688511a2e6fd76f
# environment
SNAP_REVISION = 97
# environment
SNAP_REAL_HOME = /home/elias
# environment
VSCODE_LOG_NATIVE = false
# environment
USERNAME = elias
# environment
LC_TELEPHONE = en_US.UTF-8
# automatic
?F = $(notdir $?)
# environment
XDG_CURRENT_DESKTOP = GNOME
# environment
LS_COLORS = 
# automatic
+F = $(notdir $+)
# environment
LESS = -R
# environment
DESKTOP_SESSION = gnome
# environment
ORIGINAL_XDG_CURRENT_DESKTOP = GNOME
# 'override' directive
GNUMAKEFLAGS := 
# environment
LOGNAME = elias
# environment
GIO_LAUNCHED_DESKTOP_FILE = /var/lib/snapd/desktop/applications/code_code.desktop
# environment
SNAP_ARCH = amd64
# makefile
.DEFAULT_GOAL := build
# environment
SYSTEMD_EXEC_PID = 1222
# environment
EDITOR = /usr/bin/nano
# environment
DISPLAY = :1
# environment
USER = elias
# default
MAKE_VERSION := 4.3
# environment
DISABLE_WAYLAND = 1
# environment
SNAP_DATA = /var/snap/code/97
# environment
SNAP_CONTEXT = 2NBjVsx4QOCBPgWHmjNPxuOcJk2hqqiQDADjzUpEVDM7NkfdbGBx
# environment
MANAGERPID = 1081
# environment
LC_MEASUREMENT = en_US.UTF-8
# environment
GIO_LAUNCHED_DESKTOP_FILE_PID = 7557
# environment
_ = /usr/bin/make
# environment
LC_PAPER = en_US.UTF-8
# environment
XDG_RUNTIME_DIR = /run/user/1000
# environment
GDK_PIXBUF_MODULE_FILE = /home/elias/snap/code/common/.cache/gdk-pixbuf-loaders.cache
# environment
JOURNAL_STREAM = 8:24530
# environment
XDG_SESSION_CLASS = user
# environment
VSCODE_AMD_ENTRYPOINT = vs/workbench/api/node/extensionHostProcess
# environment
HOME = /home/elias
# environment
QT_IM_MODULE = ibus
# environment
ELECTRON_RUN_AS_NODE = 1
# environment
VSCODE_IPC_HOOK = /run/user/1000/vscode-84b63c51-1.67.2-main.sock
# environment
SNAP_NAME = code
# environment
GSETTINGS_SCHEMA_DIR = /snap/code/97/usr/share/glib-2.0/schemas
# default
.RECIPEPREFIX := 
# automatic
<F = $(notdir $<)
# environment
SNAP_VERSION = c3511e6c
# default
SUFFIXES := 
# environment
QT_AUTO_SCREEN_SCALE_FACTOR = 1
# environment
VSCODE_CLI = 1
# environment
ELECTRON_NO_ATTACH_CONSOLE = 1
# environment
SNAP_COMMON = /var/snap/code/common
# environment
 
LS_OPTIONS = --color=auto
# makefile (from 'Makefile', line 4)
CXXFLAGS = -g -I ./ $(args) -std=c++20 
# default
.FEATURES := target-specific order-only second-expansion else-if shortest-stem undefine oneshell nocomment grouped-target extra-prereqs archives jobserver output-sync check-symlink guile load
# makefile (from 'Makefile', line 3)
CXX = gcc 
# environment
SNAP_USER_DATA = /home/elias/snap/code/97
# environment
XDG_MENU_PREFIX = gnome-
# environment
GDMSESSION = gnome
# environment
PKGFILE_PROMPT_INSTALL_MISSING = 1
# environment
LC_IDENTIFICATION = en_US.UTF-8
# environment
SNAP_LIBRARY_PATH = /var/lib/snapd/lib/gl:/var/lib/snapd/lib/gl32:/var/lib/snapd/void
# variable set hash-table stats:
# Load=146/1024=14%, Rehash=0, Collisions=17/178=10%

# Pattern-specific Variable Values

# No pattern-specific variable values.

# Directories

# . (device 66306, inode 18087993): 46 files, no impossibilities.

# 46 files, no impossibilities in 1 directories.

# Implicit Rules

# No implicit rules.

# Files

# Not a target:
Renderer.cpp:
#  Implicit rule search has not been done.
#  Modification time never checked.
#  File has not been updated.

# Not a target:
Object.cpp:
#  Implicit rule search has not been done.
#  Modification time never checked.
#  File has not been updated.

ComputeShader.o: ComputeShader.cpp
#  Implicit rule search has not been done.
#  Implicit/static pattern stem: 'ComputeShader'
#  Modification time never checked.
#  File has not been updated.

# Not a target:
Transform.cpp:
#  Implicit rule search has not been done.
#  Modification time never checked.
#  File has not been updated.

# Not a target:
Shader.cpp:
#  Implicit rule search has not been done.
#  Modification time never checked.
#  File has not been updated.

# Not a target:
ComputeShader.cpp:
#  Implicit rule search has not been done.
#  Modification time never checked.
#  File has not been updated.

Camera.o: Camera.cpp
#  Implicit rule search has not been done.
#  Implicit/static pattern stem: 'Camera'
#  Modification time never checked.
#  File has not been updated.

# Not a target:
Makefile:
#  Implicit rule search has been done.
#  Last modified 2022-05-17 17:14:28.078229473
#  File has been updated.
#  Successfully updated.

Light.o: Light.cpp
#  Implicit rule search has not been done.
#  Implicit/static pattern stem: 'Light'
#  Modification time never checked.
#  File has not been updated.

# Not a target:
Camera.cpp:
#  Implicit rule search has not been done.
#  Modification time never checked.
#  File has not been updated.

Renderer.o: Renderer.cpp
#  Implicit rule search has not been done.
#  Implicit/static pattern stem: 'Renderer'
#  Modification time never checked.
#  File has not been updated.

clean:
#  Implicit rule search has not been done.
#  Modification time never checked.
#  File has not been updated.
#  recipe to execute (from 'Makefile', line 23):
	rm -f *.o all

Mesh.o: Mesh.cpp
#  Implicit rule search has not been done.
#  Implicit/static pattern stem: 'Mesh'
#  Modification time never checked.
#  File has not been updated.

# Not a target:
Texture.cpp:
#  Implicit rule search has not been done.
#  Modification time never checked.
#  File has not been updated.

# Not a target:
Light.cpp:
#  Implicit rule search has not been done.
#  Modification time never checked.
#  File has not been updated.

# Not a target:
.DEFAULT:
#  Implicit rule search has not been done.
#  Modification time never checked.
#  File has not been updated.

Texture.o: Texture.cpp
#  Implicit rule search has not been done.
#  Implicit/static pattern stem: 'Texture'
#  Modification time never checked.
#  File has not been updated.

# Not a target:
Mesh.cpp:
#  Implicit rule search has not been done.
#  Modification time never checked.
#  File has not been updated.

# Not a target:
all:
#  Command line target.
#  Implicit rule search has been done.
#  File does not exist.
#  File has not been updated.

build: copy main.o Camera.o ComputeShader.o GlStorage.o Light.o Mesh.o Shader.o Texture.o Transform.o Renderer.o Object.o
#  Implicit rule search has not been done.
#  Modification time never checked.
#  File has not been updated.
#  recipe to execute (from 'Makefile', line 9):
	g++ $(objects) $(args) -o ./Build/main

# Not a target:
main.cpp:
#  Implicit rule search has not been done.
#  Modification time never checked.
#  File has not been updated.

copy:
#  Implicit rule search has not been done.
#  Modification time never checked.
#  File has not been updated.
#  recipe to execute (from 'Makefile', line 20):
	rsync --archive --delete ./res ./Build

GlStorage.o: GlStorage.cpp
#  Implicit rule search has not been done.
#  Implicit/static pattern stem: 'GlStorage'
#  Modification time never checked.
#  File has not been updated.

main.o: main.cpp
#  Implicit rule search has not been done.
#  Implicit/static pattern stem: 'main'
#  Modification time never checked.
#  File has not been updated.

Transform.o: Transform.cpp
#  Implicit rule search has not been done.
#  Implicit/static pattern stem: 'Transform'
#  Modification time never checked.
#  File has not been updated.

rebuild: clean build
#  Implicit rule search has not been done.
#  Modification time never checked.
#  File has not been updated.

# Not a target:
GlStorage.cpp:
#  Implicit rule search has not been done.
#  Modification time never checked.
#  File has not been updated.

Object.o: Object.cpp
#  Implicit rule search has not been done.
#  Implicit/static pattern stem: 'Object'
#  Modification time never checked.
#  File has not been updated.

Shader.o: Shader.cpp
#  Implicit rule search has not been done.
#  Implicit/static pattern stem: 'Shader'
#  Modification time never checked.
#  File has not been updated.

# files hash-table stats:
# Load=30/1024=3%, Rehash=0, Collisions=0/78=0%
# VPATH Search Paths

# No 'vpath' search paths.

# No general ('VPATH' variable) search path.

# strcache buffers: 1 (0) / strings = 68 / storage = 631 B / avg = 9 B
# current buf: size = 8162 B / used = 631 B / count = 68 / avg = 9 B

# strcache performance: lookups = 123 / hit rate = 44%
# hash-table stats:
# Load=68/8192=1%, Rehash=0, Collisions=0/123=0%
# Finished Make data base on Wed May 25 20:10:13 2022

 
